#
# There is insufficient memory for the Java Runtime Environment to continue.
# Native memory allocation (mmap) failed to map 27262976 bytes for Failed to commit area from 0x0000000089c00000 to 0x000000008b600000 of length 27262976.
# Possible reasons:
#   The system is out of physical RAM or swap space
#   The process is running with CompressedOops enabled, and the Java Heap may be blocking the growth of the native heap
# Possible solutions:
#   Reduce memory load on the system
#   Increase physical memory or swap space
#   Check if swap backing store is full
#   Decrease Java heap size (-Xmx/-Xms)
#   Decrease number of Java threads
#   Decrease Java thread stack sizes (-Xss)
#   Set larger code cache with -XX:ReservedCodeCacheSize=
#   JVM is running with Unscaled Compressed Oops mode in which the Java heap is
#     placed in the first 4GB address space. The Java Heap base address is the
#     maximum limit for the native heap growth. Please use -XX:HeapBaseMinAddress
#     to set the Java Heap base and to place the Java Heap above 4GB virtual address.
# This output file may be truncated or incomplete.
#
#  Out of Memory Error (t:/workspace/open/src/hotspot/os/windows/os_windows.cpp:3254), pid=15984, tid=17028
#
# JRE version: Java(TM) SE Runtime Environment (12.0.1+12) (build 12.0.1+12)
# Java VM: Java HotSpot(TM) 64-Bit Server VM (12.0.1+12, mixed mode, sharing, tiered, compressed oops, g1 gc, windows-amd64)
# No core dump will be written. Minidumps are not enabled by default on client versions of Windows
#

---------------  S U M M A R Y ------------

Command Line: -Dmaven.multiModuleProjectDirectory=D:\IoT\code\renren\renren_security -Dmaven.home=C:\Program Files\JetBrains\IntelliJ IDEA 2019.1.2\plugins\maven\lib\maven3 -Dclassworlds.conf=C:\Program Files\JetBrains\IntelliJ IDEA 2019.1.2\plugins\maven\lib\maven3\bin\m2.conf -javaagent:C:\Program Files\JetBrains\IntelliJ IDEA 2019.1.2\lib\idea_rt.jar=53008:C:\Program Files\JetBrains\IntelliJ IDEA 2019.1.2\bin -Dfile.encoding=UTF-8 org.codehaus.classworlds.Launcher -Didea.version2019.1.2 package

Host: Intel(R) Core(TM) i5-4590 CPU @ 3.30GHz, 4 cores, 7G,  Windows 10 , 64 bit Build 14393 (10.0.14393.2969)
Time: Thu Aug  1 11:24:30 2019 ?D1¨²¡À¨º¡Á?¨º¡À?? elapsed time: 7 seconds (0d 0h 0m 7s)

---------------  T H R E A D  ---------------

Current thread (0x000002a2f63f8000):  VMThread "VM Thread" [stack: 0x000000c324800000,0x000000c324900000] [id=17028]

Stack: [0x000000c324800000,0x000000c324900000]
[error occurred during error reporting (printing stack bounds), id 0xc0000005, EXCEPTION_ACCESS_VIOLATION (0xc0000005) at pc=0x000002a2dfc90bad]

Native frames: (J=compiled Java code, j=interpreted, Vv=VM code, C=native code)
V  [jvm.dll+0x63948a]
V  [jvm.dll+0x78b31f]
V  [jvm.dll+0x78c9c1]
V  [jvm.dll+0x78cf75]
V  [jvm.dll+0x78cf2b]
V  [jvm.dll+0x638b84]
V  [jvm.dll+0x638f58]
C  [ntdll.dll+0xaa58d]
C  [ntdll.dll+0x3fd23]
C  [ntdll.dll+0xa96fa]
C  0x000002a2dfc90bad

VM_Operation (0x000000c3242fbbf0): G1CollectForAllocation, mode: safepoint, requested by thread 0x000002a2d6133000


---------------  P R O C E S S  ---------------

Threads class SMR info:
_java_thread_list=0x000002a2f79dd000, length=12, elements={
0x000002a2d6133000, 0x000002a2f63fe000, 0x000002a2f6400000, 0x000002a2f6418000,
0x000002a2f641a800, 0x000002a2f641d000, 0x000002a2f6421000, 0x000002a2f6426800,
0x000002a2f63e0800, 0x000002a2f6ece000, 0x000002a2f6f4d800, 0x000002a2f7a54800
}

Java Threads: ( => current thread )
  0x000002a2d6133000 JavaThread "main" [_thread_blocked, id=17424, stack(0x000000c324200000,0x000000c324300000)]
  0x000002a2f63fe000 JavaThread "Reference Handler" daemon [_thread_blocked, id=22156, stack(0x000000c324900000,0x000000c324a00000)]
  0x000002a2f6400000 JavaThread "Finalizer" daemon [_thread_blocked, id=20044, stack(0x000000c324a00000,0x000000c324b00000)]
  0x000002a2f6418000 JavaThread "Signal Dispatcher" daemon [_thread_blocked, id=18096, stack(0x000000c324b00000,0x000000c324c00000)]
  0x000002a2f641a800 JavaThread "Attach Listener" daemon [_thread_blocked, id=10376, stack(0x000000c324c00000,0x000000c324d00000)]
  0x000002a2f641d000 JavaThread "C2 CompilerThread0" daemon [_thread_blocked, id=4164, stack(0x000000c324d00000,0x000000c324e00000)]
  0x000002a2f6421000 JavaThread "C1 CompilerThread0" daemon [_thread_blocked, id=16988, stack(0x000000c324e00000,0x000000c324f00000)]
  0x000002a2f6426800 JavaThread "Sweeper thread" daemon [_thread_blocked, id=19952, stack(0x000000c324f00000,0x000000c325000000)]
  0x000002a2f63e0800 JavaThread "Common-Cleaner" daemon [_thread_blocked, id=10172, stack(0x000000c325000000,0x000000c325100000)]
  0x000002a2f6ece000 JavaThread "Monitor Ctrl-Break" daemon [_thread_in_native, id=10584, stack(0x000000c325a40000,0x000000c325b40000)]
  0x000002a2f6f4d800 JavaThread "Service Thread" daemon [_thread_blocked, id=19552, stack(0x000000c325b80000,0x000000c325c80000)]
  0x000002a2f7a54800 JavaThread "C2 CompilerThread1" daemon [_thread_in_native, id=14804, stack(0x000000c326180000,0x000000c326280000)]

Other Threads:
=>0x000002a2f63f8000 VMThread "VM Thread" [stack: 0x000000c324800000,0x000000c324900000] [id=17028]
  0x000002a2f6f65800 WatcherThread [stack: 0x000000c325c80000,0x000000c325d80000] [id=4412]
  0x000002a2d6173000 GCTaskThread "GC Thread#0" [stack: 0x000000c324300000,0x000000c324400000] [id=19236]
  0x000002a2f7951800 GCTaskThread "GC Thread#1" [stack: 0x000000c325e80000,0x000000c325f80000] [id=528]
  0x000002a2f7984800 GCTaskThread "GC Thread#2" [stack: 0x000000c325f80000,0x000000c326080000] [id=12368]
  0x000002a2d6182800 ConcurrentGCThread "G1 Main Marker" [stack: 0x000000c324400000,0x000000c324500000] [id=22380]
  0x000002a2d6183800 ConcurrentGCThread "G1 Conc#0" [stack: 0x000000c324500000,0x000000c324600000] [id=20332]
  0x000002a2d6204800 ConcurrentGCThread "G1 Refine#0" [stack: 0x000000c324600000,0x000000c324700000] [id=1700]
  0x000002a2f6ec6000 ConcurrentGCThread "G1 Refine#1" [stack: 0x000000c326080000,0x000000c326180000] [id=7316]
  0x000002a2f85d4000 ConcurrentGCThread "G1 Refine#2" [stack: 0x000000c326280000,0x000000c326380000] [id=20020]
  0x000002a2f6280800 ConcurrentGCThread "G1 Young RemSet Sampling" [stack: 0x000000c324700000,0x000000c324800000] [id=9524]

Threads with active compile tasks:
C2 CompilerThread1  3633   !   4       org.codehaus.plexus.interpolation.StringSearchInterpolator::interpolate (655 bytes)

VM state:at safepoint (normal execution)

VM Mutex/Monitor currently owned by a thread:  ([mutex/lock_event])
[0x000002a2d612e5d0] Threads_lock - owner thread: 0x000002a2f63f8000
[0x000002a2d612f7d0] Heap_lock - owner thread: 0x000002a2d6133000

Heap address: 0x0000000081c00000, size: 2020 MB, Compressed Oops mode: 32-bit
Narrow klass base: 0x0000000800000000, Narrow klass shift: 3
Compressed class space size: 1073741824 Address: 0x00000008011a0000

Heap:
 garbage-first heap   total 157696K, used 36738K [0x0000000081c00000, 0x0000000100000000)
  region size 1024K, 5 young (5120K), 5 survivors (5120K)
 Metaspace       used 14010K, capacity 15052K, committed 15104K, reserved 1062912K
  class space    used 1537K, capacity 1746K, committed 1792K, reserved 1048576K
Heap Regions: E=young(eden), S=young(survivor), O=old, HS=humongous(starts), HC=humongous(continues), CS=collection set, F=free, A=archive, TAMS=top-at-mark-start (previous, next)
|   0|0x0000000081c00000, 0x0000000081d00000, 0x0000000081d00000|100%| O|  |TAMS 0x0000000081c00000, 0x0000000081c00000| Untracked 
|   1|0x0000000081d00000, 0x0000000081e00000, 0x0000000081e00000|100%| O|  |TAMS 0x0000000081d00000, 0x0000000081d00000| Untracked 
|   2|0x0000000081e00000, 0x0000000081f00000, 0x0000000081f00000|100%| O|  |TAMS 0x0000000081e00000, 0x0000000081e00000| Untracked 
|   3|0x0000000081f00000, 0x0000000082000000, 0x0000000082000000|100%| O|  |TAMS 0x0000000081f00000, 0x0000000081f00000| Untracked 
|   4|0x0000000082000000, 0x0000000082100000, 0x0000000082100000|100%| O|  |TAMS 0x0000000082000000, 0x0000000082000000| Untracked 
|   5|0x0000000082100000, 0x0000000082200000, 0x0000000082200000|100%| O|  |TAMS 0x0000000082100000, 0x0000000082100000| Untracked 
|   6|0x0000000082200000, 0x0000000082300000, 0x0000000082300000|100%| O|  |TAMS 0x0000000082200000, 0x0000000082200000| Untracked 
|   7|0x0000000082300000, 0x0000000082400000, 0x0000000082400000|100%| O|  |TAMS 0x0000000082300000, 0x0000000082300000| Untracked 
|   8|0x0000000082400000, 0x0000000082500000, 0x0000000082500000|100%| O|  |TAMS 0x0000000082400000, 0x0000000082400000| Untracked 
|   9|0x0000000082500000, 0x0000000082600000, 0x0000000082600000|100%| O|  |TAMS 0x0000000082500000, 0x0000000082500000| Untracked 
|  10|0x0000000082600000, 0x0000000082700000, 0x0000000082700000|100%| O|  |TAMS 0x0000000082600000, 0x0000000082600000| Untracked 
|  11|0x0000000082700000, 0x0000000082800000, 0x0000000082800000|100%| O|  |TAMS 0x0000000082700000, 0x0000000082700000| Untracked 
|  12|0x0000000082800000, 0x0000000082900000, 0x0000000082900000|100%| O|  |TAMS 0x0000000082800000, 0x0000000082800000| Untracked 
|  13|0x0000000082900000, 0x0000000082a00000, 0x0000000082a00000|100%| O|  |TAMS 0x0000000082900000, 0x0000000082900000| Untracked 
|  14|0x0000000082a00000, 0x0000000082b00000, 0x0000000082b00000|100%| O|  |TAMS 0x0000000082a00000, 0x0000000082a00000| Untracked 
|  15|0x0000000082b00000, 0x0000000082c00000, 0x0000000082c00000|100%| O|  |TAMS 0x0000000082b00000, 0x0000000082b00000| Untracked 
|  16|0x0000000082c00000, 0x0000000082d00000, 0x0000000082d00000|100%| O|  |TAMS 0x0000000082c00000, 0x0000000082c00000| Untracked 
|  17|0x0000000082d00000, 0x0000000082e00000, 0x0000000082e00000|100%| O|  |TAMS 0x0000000082d00000, 0x0000000082d00000| Untracked 
|  18|0x0000000082e00000, 0x0000000082f00000, 0x0000000082f00000|100%| O|  |TAMS 0x0000000082e00000, 0x0000000082e00000| Untracked 
|  19|0x0000000082f00000, 0x0000000083000000, 0x0000000083000000|100%| O|  |TAMS 0x0000000082f00000, 0x0000000082f00000| Untracked 
|  20|0x0000000083000000, 0x0000000083100000, 0x0000000083100000|100%| O|  |TAMS 0x0000000083000000, 0x0000000083000000| Untracked 
|  21|0x0000000083100000, 0x0000000083200000, 0x0000000083200000|100%| O|  |TAMS 0x0000000083100000, 0x0000000083100000| Untracked 
|  22|0x0000000083200000, 0x0000000083300000, 0x0000000083300000|100%| O|  |TAMS 0x0000000083200000, 0x0000000083200000| Untracked 
|  23|0x0000000083300000, 0x0000000083400000, 0x0000000083400000|100%| O|  |TAMS 0x0000000083300000, 0x0000000083300000| Untracked 
|  24|0x0000000083400000, 0x0000000083500000, 0x0000000083500000|100%| O|  |TAMS 0x0000000083400000, 0x0000000083400000| Untracked 
|  25|0x0000000083500000, 0x0000000083600000, 0x0000000083600000|100%| O|  |TAMS 0x0000000083500000, 0x0000000083500000| Untracked 
|  26|0x0000000083600000, 0x0000000083700000, 0x0000000083700000|100%| O|  |TAMS 0x0000000083600000, 0x0000000083600000| Untracked 
|  27|0x0000000083700000, 0x0000000083800000, 0x0000000083800000|100%| O|  |TAMS 0x0000000083700000, 0x0000000083700000| Untracked 
|  28|0x0000000083800000, 0x0000000083900000, 0x0000000083900000|100%| O|  |TAMS 0x0000000083800000, 0x0000000083800000| Untracked 
|  29|0x0000000083900000, 0x0000000083a00000, 0x0000000083a00000|100%| O|  |TAMS 0x0000000083900000, 0x0000000083900000| Untracked 
|  30|0x0000000083a00000, 0x0000000083b00000, 0x0000000083b00000|100%| O|  |TAMS 0x0000000083a00000, 0x0000000083a00000| Untracked 
|  31|0x0000000083b00000, 0x0000000083b00000, 0x0000000083c00000|  0%| F|  |TAMS 0x0000000083b00000, 0x0000000083b00000| Untracked 
|  32|0x0000000083c00000, 0x0000000083c00000, 0x0000000083d00000|  0%| F|  |TAMS 0x0000000083c00000, 0x0000000083c00000| Untracked 
|  33|0x0000000083d00000, 0x0000000083d00000, 0x0000000083e00000|  0%| F|  |TAMS 0x0000000083d00000, 0x0000000083d00000| Untracked 
|  34|0x0000000083e00000, 0x0000000083e00000, 0x0000000083f00000|  0%| F|  |TAMS 0x0000000083e00000, 0x0000000083e00000| Untracked 
|  35|0x0000000083f00000, 0x0000000083f00000, 0x0000000084000000|  0%| F|  |TAMS 0x0000000083f00000, 0x0000000083f00000| Untracked 
|  36|0x0000000084000000, 0x0000000084000000, 0x0000000084100000|  0%| F|  |TAMS 0x0000000084000000, 0x0000000084000000| Untracked 
|  37|0x0000000084100000, 0x0000000084100000, 0x0000000084200000|  0%| F|  |TAMS 0x0000000084100000, 0x0000000084100000| Untracked 
|  38|0x0000000084200000, 0x0000000084200000, 0x0000000084300000|  0%| F|  |TAMS 0x0000000084200000, 0x0000000084200000| Untracked 
|  39|0x0000000084300000, 0x0000000084300000, 0x0000000084400000|  0%| F|  |TAMS 0x0000000084300000, 0x0000000084300000| Untracked 
|  40|0x0000000084400000, 0x0000000084400000, 0x0000000084500000|  0%| F|  |TAMS 0x0000000084400000, 0x0000000084400000| Untracked 
|  41|0x0000000084500000, 0x0000000084500000, 0x0000000084600000|  0%| F|  |TAMS 0x0000000084500000, 0x0000000084500000| Untracked 
|  42|0x0000000084600000, 0x0000000084600000, 0x0000000084700000|  0%| F|  |TAMS 0x0000000084600000, 0x0000000084600000| Untracked 
|  43|0x0000000084700000, 0x0000000084700000, 0x0000000084800000|  0%| F|  |TAMS 0x0000000084700000, 0x0000000084700000| Untracked 
|  44|0x0000000084800000, 0x0000000084800000, 0x0000000084900000|  0%| F|  |TAMS 0x0000000084800000, 0x0000000084800000| Untracked 
|  45|0x0000000084900000, 0x0000000084900000, 0x0000000084a00000|  0%| F|  |TAMS 0x0000000084900000, 0x0000000084900000| Untracked 
|  46|0x0000000084a00000, 0x0000000084a00000, 0x0000000084b00000|  0%| F|  |TAMS 0x0000000084a00000, 0x0000000084a00000| Untracked 
|  47|0x0000000084b00000, 0x0000000084b00000, 0x0000000084c00000|  0%| F|  |TAMS 0x0000000084b00000, 0x0000000084b00000| Untracked 
|  48|0x0000000084c00000, 0x0000000084c00000, 0x0000000084d00000|  0%| F|  |TAMS 0x0000000084c00000, 0x0000000084c00000| Untracked 
|  49|0x0000000084d00000, 0x0000000084d00000, 0x0000000084e00000|  0%| F|  |TAMS 0x0000000084d00000, 0x0000000084d00000| Untracked 
|  50|0x0000000084e00000, 0x0000000084e00000, 0x0000000084f00000|  0%| F|  |TAMS 0x0000000084e00000, 0x0000000084e00000| Untracked 
|  51|0x0000000084f00000, 0x0000000084f00000, 0x0000000085000000|  0%| F|  |TAMS 0x0000000084f00000, 0x0000000084f00000| Untracked 
|  52|0x0000000085000000, 0x0000000085000000, 0x0000000085100000|  0%| F|  |TAMS 0x0000000085000000, 0x0000000085000000| Untracked 
|  53|0x0000000085100000, 0x0000000085100000, 0x0000000085200000|  0%| F|  |TAMS 0x0000000085100000, 0x0000000085100000| Untracked 
|  54|0x0000000085200000, 0x0000000085200000, 0x0000000085300000|  0%| F|  |TAMS 0x0000000085200000, 0x0000000085200000| Untracked 
|  55|0x0000000085300000, 0x0000000085300000, 0x0000000085400000|  0%| F|  |TAMS 0x0000000085300000, 0x0000000085300000| Untracked 
|  56|0x0000000085400000, 0x0000000085400000, 0x0000000085500000|  0%| F|  |TAMS 0x0000000085400000, 0x0000000085400000| Untracked 
|  57|0x0000000085500000, 0x0000000085500000, 0x0000000085600000|  0%| F|  |TAMS 0x0000000085500000, 0x0000000085500000| Untracked 
|  58|0x0000000085600000, 0x0000000085600000, 0x0000000085700000|  0%| F|  |TAMS 0x0000000085600000, 0x0000000085600000| Untracked 
|  59|0x0000000085700000, 0x0000000085700000, 0x0000000085800000|  0%| F|  |TAMS 0x0000000085700000, 0x0000000085700000| Untracked 
|  60|0x0000000085800000, 0x0000000085800000, 0x0000000085900000|  0%| F|  |TAMS 0x0000000085800000, 0x0000000085800000| Untracked 
|  61|0x0000000085900000, 0x0000000085900000, 0x0000000085a00000|  0%| F|  |TAMS 0x0000000085900000, 0x0000000085900000| Untracked 
|  62|0x0000000085a00000, 0x0000000085a00000, 0x0000000085b00000|  0%| F|  |TAMS 0x0000000085a00000, 0x0000000085a00000| Untracked 
|  63|0x0000000085b00000, 0x0000000085b00000, 0x0000000085c00000|  0%| F|  |TAMS 0x0000000085b00000, 0x0000000085b00000| Untracked 
|  64|0x0000000085c00000, 0x0000000085c00000, 0x0000000085d00000|  0%| F|  |TAMS 0x0000000085c00000, 0x0000000085c00000| Untracked 
|  65|0x0000000085d00000, 0x0000000085d00000, 0x0000000085e00000|  0%| F|  |TAMS 0x0000000085d00000, 0x0000000085d00000| Untracked 
|  66|0x0000000085e00000, 0x0000000085e00000, 0x0000000085f00000|  0%| F|  |TAMS 0x0000000085e00000, 0x0000000085e00000| Untracked 
|  67|0x0000000085f00000, 0x0000000085f00000, 0x0000000086000000|  0%| F|  |TAMS 0x0000000085f00000, 0x0000000085f00000| Untracked 
|  68|0x0000000086000000, 0x0000000086000000, 0x0000000086100000|  0%| F|  |TAMS 0x0000000086000000, 0x0000000086000000| Untracked 
|  69|0x0000000086100000, 0x0000000086100000, 0x0000000086200000|  0%| F|  |TAMS 0x0000000086100000, 0x0000000086100000| Untracked 
|  70|0x0000000086200000, 0x0000000086200000, 0x0000000086300000|  0%| F|  |TAMS 0x0000000086200000, 0x0000000086200000| Untracked 
|  71|0x0000000086300000, 0x0000000086300000, 0x0000000086400000|  0%| F|  |TAMS 0x0000000086300000, 0x0000000086300000| Untracked 
|  72|0x0000000086400000, 0x0000000086400000, 0x0000000086500000|  0%| F|  |TAMS 0x0000000086400000, 0x0000000086400000| Untracked 
|  73|0x0000000086500000, 0x0000000086500000, 0x0000000086600000|  0%| F|  |TAMS 0x0000000086500000, 0x0000000086500000| Untracked 
|  74|0x0000000086600000, 0x0000000086600000, 0x0000000086700000|  0%| F|  |TAMS 0x0000000086600000, 0x0000000086600000| Untracked 
|  75|0x0000000086700000, 0x0000000086700000, 0x0000000086800000|  0%| F|  |TAMS 0x0000000086700000, 0x0000000086700000| Untracked 
|  76|0x0000000086800000, 0x0000000086800000, 0x0000000086900000|  0%| F|  |TAMS 0x0000000086800000, 0x0000000086800000| Untracked 
|  77|0x0000000086900000, 0x00000000869e0ae0, 0x0000000086a00000| 87%| S|CS|TAMS 0x0000000086900000, 0x0000000086900000| Complete 
|  78|0x0000000086a00000, 0x0000000086b00000, 0x0000000086b00000|100%| S|CS|TAMS 0x0000000086a00000, 0x0000000086a00000| Complete 
|  79|0x0000000086b00000, 0x0000000086c00000, 0x0000000086c00000|100%| S|CS|TAMS 0x0000000086b00000, 0x0000000086b00000| Complete 
|  80|0x0000000086c00000, 0x0000000086d00000, 0x0000000086d00000|100%| S|CS|TAMS 0x0000000086c00000, 0x0000000086c00000| Complete 
|  81|0x0000000086d00000, 0x0000000086e00000, 0x0000000086e00000|100%| S|CS|TAMS 0x0000000086d00000, 0x0000000086d00000| Complete 
|  82|0x0000000086e00000, 0x0000000086e00000, 0x0000000086f00000|  0%| F|  |TAMS 0x0000000086e00000, 0x0000000086e00000| Untracked 
|  83|0x0000000086f00000, 0x0000000086f00000, 0x0000000087000000|  0%| F|  |TAMS 0x0000000086f00000, 0x0000000086f00000| Untracked 
|  84|0x0000000087000000, 0x0000000087000000, 0x0000000087100000|  0%| F|  |TAMS 0x0000000087000000, 0x0000000087000000| Untracked 
|  85|0x0000000087100000, 0x0000000087100000, 0x0000000087200000|  0%| F|  |TAMS 0x0000000087100000, 0x0000000087100000| Untracked 
|  86|0x0000000087200000, 0x0000000087200000, 0x0000000087300000|  0%| F|  |TAMS 0x0000000087200000, 0x0000000087200000| Untracked 
|  87|0x0000000087300000, 0x0000000087300000, 0x0000000087400000|  0%| F|  |TAMS 0x0000000087300000, 0x0000000087300000| Untracked 
|  88|0x0000000087400000, 0x0000000087400000, 0x0000000087500000|  0%| F|  |TAMS 0x0000000087400000, 0x0000000087400000| Untracked 
|  89|0x0000000087500000, 0x0000000087500000, 0x0000000087600000|  0%| F|  |TAMS 0x0000000087500000, 0x0000000087500000| Untracked 
|  90|0x0000000087600000, 0x0000000087600000, 0x0000000087700000|  0%| F|  |TAMS 0x0000000087600000, 0x0000000087600000| Untracked 
|  91|0x0000000087700000, 0x0000000087700000, 0x0000000087800000|  0%| F|  |TAMS 0x0000000087700000, 0x0000000087700000| Untracked 
|  92|0x0000000087800000, 0x0000000087800000, 0x0000000087900000|  0%| F|  |TAMS 0x0000000087800000, 0x0000000087800000| Untracked 
|  93|0x0000000087900000, 0x0000000087900000, 0x0000000087a00000|  0%| F|  |TAMS 0x0000000087900000, 0x0000000087900000| Untracked 
|  94|0x0000000087a00000, 0x0000000087a00000, 0x0000000087b00000|  0%| F|  |TAMS 0x0000000087a00000, 0x0000000087a00000| Untracked 
|  95|0x0000000087b00000, 0x0000000087b00000, 0x0000000087c00000|  0%| F|  |TAMS 0x0000000087b00000, 0x0000000087b00000| Untracked 
|  96|0x0000000087c00000, 0x0000000087c00000, 0x0000000087d00000|  0%| F|  |TAMS 0x0000000087c00000, 0x0000000087c00000| Untracked 
|  97|0x0000000087d00000, 0x0000000087d00000, 0x0000000087e00000|  0%| F|  |TAMS 0x0000000087d00000, 0x0000000087d00000| Untracked 
|  98|0x0000000087e00000, 0x0000000087e00000, 0x0000000087f00000|  0%| F|  |TAMS 0x0000000087e00000, 0x0000000087e00000| Untracked 
|  99|0x0000000087f00000, 0x0000000087f00000, 0x0000000088000000|  0%| F|  |TAMS 0x0000000087f00000, 0x0000000087f00000| Untracked 
| 100|0x0000000088000000, 0x0000000088000000, 0x0000000088100000|  0%| F|  |TAMS 0x0000000088000000, 0x0000000088000000| Untracked 
| 101|0x0000000088100000, 0x0000000088100000, 0x0000000088200000|  0%| F|  |TAMS 0x0000000088100000, 0x0000000088100000| Untracked 
| 102|0x0000000088200000, 0x0000000088200000, 0x0000000088300000|  0%| F|  |TAMS 0x0000000088200000, 0x0000000088200000| Untracked 
| 103|0x0000000088300000, 0x0000000088300000, 0x0000000088400000|  0%| F|  |TAMS 0x0000000088300000, 0x0000000088300000| Untracked 
| 104|0x0000000088400000, 0x0000000088400000, 0x0000000088500000|  0%| F|  |TAMS 0x0000000088400000, 0x0000000088400000| Untracked 
| 105|0x0000000088500000, 0x0000000088500000, 0x0000000088600000|  0%| F|  |TAMS 0x0000000088500000, 0x0000000088500000| Untracked 
| 106|0x0000000088600000, 0x0000000088600000, 0x0000000088700000|  0%| F|  |TAMS 0x0000000088600000, 0x0000000088600000| Untracked 
| 107|0x0000000088700000, 0x0000000088700000, 0x0000000088800000|  0%| F|  |TAMS 0x0000000088700000, 0x0000000088700000| Untracked 
| 108|0x0000000088800000, 0x0000000088800000, 0x0000000088900000|  0%| F|  |TAMS 0x0000000088800000, 0x0000000088800000| Untracked 
| 109|0x0000000088900000, 0x0000000088900000, 0x0000000088a00000|  0%| F|  |TAMS 0x0000000088900000, 0x0000000088900000| Untracked 
| 110|0x0000000088a00000, 0x0000000088a00000, 0x0000000088b00000|  0%| F|  |TAMS 0x0000000088a00000, 0x0000000088a00000| Untracked 
| 111|0x0000000088b00000, 0x0000000088b00000, 0x0000000088c00000|  0%| F|  |TAMS 0x0000000088b00000, 0x0000000088b00000| Untracked 
| 112|0x0000000088c00000, 0x0000000088c00000, 0x0000000088d00000|  0%| F|  |TAMS 0x0000000088c00000, 0x0000000088c00000| Untracked 
| 113|0x0000000088d00000, 0x0000000088d00000, 0x0000000088e00000|  0%| F|  |TAMS 0x0000000088d00000, 0x0000000088d00000| Untracked 
| 114|0x0000000088e00000, 0x0000000088e00000, 0x0000000088f00000|  0%| F|  |TAMS 0x0000000088e00000, 0x0000000088e00000| Untracked 
| 115|0x0000000088f00000, 0x0000000088f00000, 0x0000000089000000|  0%| F|  |TAMS 0x0000000088f00000, 0x0000000088f00000| Untracked 
| 116|0x0000000089000000, 0x0000000089000000, 0x0000000089100000|  0%| F|  |TAMS 0x0000000089000000, 0x0000000089000000| Untracked 
| 117|0x0000000089100000, 0x0000000089100000, 0x0000000089200000|  0%| F|  |TAMS 0x0000000089100000, 0x0000000089100000| Untracked 
| 118|0x0000000089200000, 0x0000000089200000, 0x0000000089300000|  0%| F|  |TAMS 0x0000000089200000, 0x0000000089200000| Untracked 
| 119|0x0000000089300000, 0x0000000089300000, 0x0000000089400000|  0%| F|  |TAMS 0x0000000089300000, 0x0000000089300000| Untracked 
| 120|0x0000000089400000, 0x0000000089400000, 0x0000000089500000|  0%| F|  |TAMS 0x0000000089400000, 0x0000000089400000| Untracked 
| 121|0x0000000089500000, 0x0000000089500000, 0x0000000089600000|  0%| F|  |TAMS 0x0000000089500000, 0x0000000089500000| Untracked 
| 122|0x0000000089600000, 0x0000000089600000, 0x0000000089700000|  0%| F|  |TAMS 0x0000000089600000, 0x0000000089600000| Untracked 
| 123|0x0000000089700000, 0x0000000089700000, 0x0000000089800000|  0%| F|  |TAMS 0x0000000089700000, 0x0000000089700000| Untracked 
| 124|0x0000000089800000, 0x0000000089800000, 0x0000000089900000|  0%| F|  |TAMS 0x0000000089800000, 0x0000000089800000| Untracked 
| 125|0x0000000089900000, 0x0000000089900000, 0x0000000089a00000|  0%| F|  |TAMS 0x0000000089900000, 0x0000000089900000| Untracked 
| 126|0x0000000089a00000, 0x0000000089a00000, 0x0000000089b00000|  0%| F|  |TAMS 0x0000000089a00000, 0x0000000089a00000| Untracked 
| 127|0x0000000089b00000, 0x0000000089b00000, 0x0000000089c00000|  0%| F|  |TAMS 0x0000000089b00000, 0x0000000089b00000| Untracked 

Card table byte_map: [0x000002a2ef6c0000,0x000002a2efac0000] _byte_map_base: 0x000002a2ef2b2000

Marking Bits (Prev, Next): (CMBitMap*) 0x000002a2d6173e98, (CMBitMap*) 0x000002a2d6173ed8
 Prev Bits: [0x000002a2efec0000, 0x000002a2f1e50000)
 Next Bits: [0x000002a2f1e50000, 0x000002a2f3de0000)

Polling page: 0x000002a2d7940000

Metaspace:

Usage:
  Non-class:     12.99 MB capacity,    12.18 MB ( 94%) used,   813.22 KB (  6%) free+waste,    19.75 KB ( <1%) overhead. 
      Class:      1.71 MB capacity,     1.50 MB ( 88%) used,   199.84 KB ( 11%) free+waste,     8.75 KB ( <1%) overhead. 
       Both:     14.70 MB capacity,    13.68 MB ( 93%) used,  1013.05 KB (  7%) free+waste,    28.50 KB ( <1%) overhead. 

Virtual space:
  Non-class space:       14.00 MB reserved,      13.00 MB ( 93%) committed 
      Class space:        1.00 GB reserved,       1.75 MB ( <1%) committed 
             Both:        1.01 GB reserved,      14.75 MB (  1%) committed 

Chunk freelists:
   Non-Class:  768 bytes
       Class:  1.75 KB
        Both:  2.50 KB

CodeHeap 'non-profiled nmethods': size=120064Kb used=2351Kb max_used=2351Kb free=117712Kb
 bounds [0x000002a2e7750000, 0x000002a2e79c0000, 0x000002a2eec90000]
CodeHeap 'profiled nmethods': size=120000Kb used=8799Kb max_used=8799Kb free=111201Kb
 bounds [0x000002a2e0220000, 0x000002a2e0ac0000, 0x000002a2e7750000]
CodeHeap 'non-nmethods': size=5696Kb used=1133Kb max_used=1207Kb free=4562Kb
 bounds [0x000002a2dfc90000, 0x000002a2dff00000, 0x000002a2e0220000]
 total_blobs=5086 nmethods=3707 adapters=349
 compilation: enabled
              stopped_count=0, restarted_count=0
 full_count=0

Compilation events (10 events):
Event: 7.090 Thread 0x000002a2f6421000 3731   !   3       org.eclipse.aether.internal.impl.TrackingFileManager::read (188 bytes)
Event: 7.090 Thread 0x000002a2f641d000 3736       4       org.apache.maven.model.validation.DefaultModelValidator::validateId (79 bytes)
Event: 7.092 Thread 0x000002a2f6421000 nmethod 3731 0x000002a2e0aaf890 code [0x000002a2e0aafd00, 0x000002a2e0ab1df0]
Event: 7.092 Thread 0x000002a2f6421000 3732   !   3       org.eclipse.aether.internal.impl.TrackingFileManager::getLock (57 bytes)
Event: 7.092 Thread 0x000002a2f641d000 nmethod 3736 0x000002a2e799b690 code [0x000002a2e799b840, 0x000002a2e799b9b8]
Event: 7.093 Thread 0x000002a2f6421000 nmethod 3732 0x000002a2e0ab2c90 code [0x000002a2e0ab3000, 0x000002a2e0ab40e0]
Event: 7.093 Thread 0x000002a2f6421000 3734   !   3       org.eclipse.aether.internal.impl.TrackingFileManager::lock (89 bytes)
Event: 7.093 Thread 0x000002a2f6421000 nmethod 3734 0x000002a2e0ab4890 code [0x000002a2e0ab4ae0, 0x000002a2e0ab5310]
Event: 7.093 Thread 0x000002a2f6421000 3735   !   3       sun.nio.ch.FileChannelImpl::lock (323 bytes)
Event: 7.094 Thread 0x000002a2f6421000 nmethod 3735 0x000002a2e0ab5610 code [0x000002a2e0ab5a00, 0x000002a2e0ab7110]

GC Heap History (10 events):
Event: 3.331 GC heap after
{Heap after GC invocations=3 (full 0):
 garbage-first heap   total 131072K, used 5135K [0x0000000081c00000, 0x0000000100000000)
  region size 1024K, 2 young (2048K), 2 survivors (2048K)
 Metaspace       used 9085K, capacity 11116K, committed 11392K, reserved 1058816K
  class space    used 1116K, capacity 1363K, committed 1408K, reserved 1048576K
}
Event: 4.266 GC heap before
{Heap before GC invocations=3 (full 0):
 garbage-first heap   total 131072K, used 59407K [0x0000000081c00000, 0x0000000100000000)
  region size 1024K, 55 young (56320K), 2 survivors (2048K)
 Metaspace       used 12787K, capacity 14030K, committed 14336K, reserved 1062912K
  class space    used 1493K, capacity 1705K, committed 1792K, reserved 1048576K
}
Event: 4.280 GC heap after
{Heap after GC invocations=4 (full 0):
 garbage-first heap   total 131072K, used 16384K [0x0000000081c00000, 0x0000000100000000)
  region size 1024K, 7 young (7168K), 7 survivors (7168K)
 Metaspace       used 12787K, capacity 14030K, committed 14336K, reserved 1062912K
  class space    used 1493K, capacity 1705K, committed 1792K, reserved 1048576K
}
Event: 4.404 GC heap before
{Heap before GC invocations=4 (full 0):
 garbage-first heap   total 131072K, used 32768K [0x0000000081c00000, 0x0000000100000000)
  region size 1024K, 23 young (23552K), 7 survivors (7168K)
 Metaspace       used 12929K, capacity 14097K, committed 14336K, reserved 1062912K
  class space    used 1494K, capacity 1706K, committed 1792K, reserved 1048576K
}
Event: 4.414 GC heap after
{Heap after GC invocations=5 (full 0):
 garbage-first heap   total 131072K, used 19014K [0x0000000081c00000, 0x0000000100000000)
  region size 1024K, 3 young (3072K), 3 survivors (3072K)
 Metaspace       used 12929K, capacity 14097K, committed 14336K, reserved 1062912K
  class space    used 1494K, capacity 1706K, committed 1792K, reserved 1048576K
}
Event: 4.775 GC heap before
{Heap before GC invocations=5 (full 0):
 garbage-first heap   total 131072K, used 62022K [0x0000000081c00000, 0x0000000100000000)
  region size 1024K, 45 young (46080K), 3 survivors (3072K)
 Metaspace       used 13086K, capacity 14236K, committed 14336K, reserved 1062912K
  class space    used 1497K, capacity 1709K, committed 1792K, reserved 1048576K
}
Event: 4.784 GC heap after
{Heap after GC invocations=6 (full 0):
 garbage-first heap   total 131072K, used 25600K [0x0000000081c00000, 0x0000000100000000)
  region size 1024K, 6 young (6144K), 6 survivors (6144K)
 Metaspace       used 13086K, capacity 14236K, committed 14336K, reserved 1062912K
  class space    used 1497K, capacity 1709K, committed 1792K, reserved 1048576K
}
Event: 5.999 GC heap before
{Heap before GC invocations=6 (full 0):
 garbage-first heap   total 131072K, used 70656K [0x0000000081c00000, 0x0000000100000000)
  region size 1024K, 50 young (51200K), 6 survivors (6144K)
 Metaspace       used 13813K, capacity 14850K, committed 15104K, reserved 1062912K
  class space    used 1535K, capacity 1743K, committed 1792K, reserved 1048576K
}
Event: 6.010 GC heap after
{Heap after GC invocations=7 (full 0):
 garbage-first heap   total 131072K, used 31483K [0x0000000081c00000, 0x0000000100000000)
  region size 1024K, 7 young (7168K), 7 survivors (7168K)
 Metaspace       used 13813K, capacity 14850K, committed 15104K, reserved 1062912K
  class space    used 1535K, capacity 1743K, committed 1792K, reserved 1048576K
}
Event: 7.095 GC heap before
{Heap before GC invocations=7 (full 0):
 garbage-first heap   total 131072K, used 77563K [0x0000000081c00000, 0x0000000100000000)
  region size 1024K, 52 young (53248K), 7 survivors (7168K)
 Metaspace       used 14010K, capacity 15052K, committed 15104K, reserved 1062912K
  class space    used 1537K, capacity 1746K, committed 1792K, reserved 1048576K
}

Deoptimization events (10 events):
Event: 6.490 Thread 0x000002a2d6133000 Uncommon trap: reason=unstable_if action=reinterpret pc=0x000002a2e787e834 method=org.codehaus.plexus.interpolation.StringSearchInterpolator.interpolate(Ljava/lang/String;Lorg/codehaus/plexus/interpolation/RecursionInterceptor;Ljava/util/Set;)Ljava/lang/S
Event: 6.679 Thread 0x000002a2d6133000 Uncommon trap: reason=unstable_if action=reinterpret pc=0x000002a2e7957b74 method=org.apache.maven.model.io.xpp3.MavenXpp3Reader.nextTag(Lorg/codehaus/plexus/util/xml/pull/XmlPullParser;)I @ 9 c2
Event: 6.679 Thread 0x000002a2d6133000 Uncommon trap: reason=predicate action=maybe_recompile pc=0x000002a2e793b948 method=java.util.AbstractCollection.toArray([Ljava/lang/Object;)[Ljava/lang/Object; @ 43 c2
Event: 6.682 Thread 0x000002a2d6133000 Uncommon trap: reason=array_check action=maybe_recompile pc=0x000002a2e7951d3c method=java.util.AbstractCollection.toArray([Ljava/lang/Object;)[Ljava/lang/Object; @ 116 c2
Event: 6.770 Thread 0x000002a2d6133000 Uncommon trap: reason=unstable_if action=reinterpret pc=0x000002a2e790eb54 method=org.codehaus.plexus.interpolation.util.StringUtils.capitalizeFirstLetter(Ljava/lang/String;)Ljava/lang/String; @ 13 c2
Event: 7.032 Thread 0x000002a2d6133000 Uncommon trap: reason=class_check action=maybe_recompile pc=0x000002a2e78f5670 method=org.codehaus.plexus.interpolation.MapBasedValueSource.getValue(Ljava/lang/String;)Ljava/lang/Object; @ 16 c2
Event: 7.049 Thread 0x000002a2d6133000 Uncommon trap: reason=unstable_if action=reinterpret pc=0x000002a2e78c2cbc method=org.apache.maven.model.validation.DefaultModelValidator.validateEffectiveDependency(Lorg/apache/maven/model/building/ModelProblemCollector;Lorg/apache/maven/model/Dependency
Event: 7.056 Thread 0x000002a2d6133000 Uncommon trap: reason=unstable_if action=reinterpret pc=0x000002a2e7978a58 method=org.apache.maven.repository.internal.ArtifactDescriptorReaderDelegate.convert(Lorg/apache/maven/model/Dependency;Lorg/eclipse/aether/artifact/ArtifactTypeRegistry;)Lorg/ecli
Event: 7.057 Thread 0x000002a2d6133000 Uncommon trap: reason=unstable_if action=reinterpret pc=0x000002a2e796ff74 method=org.eclipse.aether.artifact.DefaultArtifact.merge(Ljava/util/Map;Ljava/util/Map;)Ljava/util/Map; @ 1 c2
Event: 7.057 Thread 0x000002a2d6133000 Uncommon trap: reason=unstable_if action=reinterpret pc=0x000002a2e796e394 method=org.eclipse.aether.artifact.DefaultArtifact.merge(Ljava/util/Map;Ljava/util/Map;)Ljava/util/Map; @ 1 c2

Classes redefined (0 events):
No events

Internal exceptions (8 events):
Event: 2.540 Thread 0x000002a2d6133000 Exception <a 'java/lang/NoSuchMethodError'{0x000000008943dc88}: java.lang.invoke.DirectMethodHandle$Holder.invokeSpecialIFC(Ljava/lang/Object;Ljava/lang/Object;I)I> (0x000000008943dc88) thrown at [t:/workspace/open/src/hotspot/share/interpreter/linkResolv
Event: 3.442 Thread 0x000002a2d6133000 Exception <a 'java/lang/NoClassDefFoundError'{0x000000008952d3b0}: com/google/inject/servlet/ServletModuleTargetVisitor> (0x000000008952d3b0) thrown at [t:/workspace/open/src/hotspot/share/classfile/systemDictionary.cpp, line 224]
Event: 3.443 Thread 0x000002a2d6133000 Exception <a 'java/lang/NoClassDefFoundError'{0x0000000089530100}: javax/annotation/Priority> (0x0000000089530100) thrown at [t:/workspace/open/src/hotspot/share/classfile/systemDictionary.cpp, line 224]
Event: 3.568 Thread 0x000002a2d6133000 Exception <a 'java/lang/NoSuchMethodError'{0x000000008930cf70}: java.lang.invoke.DirectMethodHandle$Holder.invokeStaticInit(Ljava/lang/Object;IIII)Ljava/lang/Object;> (0x000000008930cf70) thrown at [t:/workspace/open/src/hotspot/share/interpreter/linkReso
Event: 3.652 Thread 0x000002a2d6133000 Implicit null exception at 0x000002a2e780111d to 0x000002a2e7801206
Event: 4.907 Thread 0x000002a2d6133000 Implicit null exception at 0x000002a2e77e2c85 to 0x000002a2e77e2e5e
Event: 4.907 Thread 0x000002a2d6133000 Implicit null exception at 0x000002a2e776f4cf to 0x000002a2e776f54d
Event: 4.999 Thread 0x000002a2d6133000 Implicit null exception at 0x000002a2e788a976 to 0x000002a2e788acea

Events (10 events):
Event: 7.056 Thread 0x000002a2d6133000 Uncommon trap: trap_request=0xffffff4d fr.pc=0x000002a2e7978a58 relative=0x0000000000002f18
Event: 7.056 Thread 0x000002a2d6133000 DEOPT PACKING pc=0x000002a2e7978a58 sp=0x000000c3242fd180
Event: 7.056 Thread 0x000002a2d6133000 DEOPT UNPACKING pc=0x000002a2dfcb9baf sp=0x000000c3242fd198 mode 2
Event: 7.057 Thread 0x000002a2d6133000 Uncommon trap: trap_request=0xffffff4d fr.pc=0x000002a2e796ff74 relative=0x0000000000000974
Event: 7.057 Thread 0x000002a2d6133000 DEOPT PACKING pc=0x000002a2e796ff74 sp=0x000000c3242fd0f0
Event: 7.057 Thread 0x000002a2d6133000 DEOPT UNPACKING pc=0x000002a2dfcb9baf sp=0x000000c3242fd068 mode 2
Event: 7.057 Thread 0x000002a2d6133000 Uncommon trap: trap_request=0xffffff4d fr.pc=0x000002a2e796e394 relative=0x00000000000001b4
Event: 7.057 Thread 0x000002a2d6133000 DEOPT PACKING pc=0x000002a2e796e394 sp=0x000000c3242fd0e0
Event: 7.057 Thread 0x000002a2d6133000 DEOPT UNPACKING pc=0x000002a2dfcb9baf sp=0x000000c3242fd078 mode 2
Event: 7.095 Executing VM operation: G1CollectForAllocation


Dynamic libraries:
0x00007ff79ef50000 - 0x00007ff79ef5f000 	D:\Program Files\Java\jdk-12.0.1\bin\java.exe
0x00007ff82ba50000 - 0x00007ff82bc20000 	C:\Windows\SYSTEM32\ntdll.dll
0x00007ff82b7a0000 - 0x00007ff82b84c000 	C:\Windows\System32\KERNEL32.DLL
0x00007ff828dc0000 - 0x00007ff828fdd000 	C:\Windows\System32\KERNELBASE.dll
0x00007ff828cc0000 - 0x00007ff828db4000 	C:\Windows\System32\ucrtbase.dll
0x00007ff806a40000 - 0x00007ff806a56000 	D:\Program Files\Java\jdk-12.0.1\bin\VCRUNTIME140.dll
0x00007ff806af0000 - 0x00007ff806b08000 	D:\Program Files\Java\jdk-12.0.1\bin\jli.dll
0x00007ff82a550000 - 0x00007ff82a5f2000 	C:\Windows\System32\ADVAPI32.dll
0x00007ff82b340000 - 0x00007ff82b3de000 	C:\Windows\System32\msvcrt.dll
0x00007ff82b1d0000 - 0x00007ff82b229000 	C:\Windows\System32\sechost.dll
0x00007ff82a6c0000 - 0x00007ff82a7e1000 	C:\Windows\System32\RPCRT4.dll
0x00007ff82b860000 - 0x00007ff82b9c5000 	C:\Windows\System32\USER32.dll
0x00007ff827f40000 - 0x00007ff827f5e000 	C:\Windows\System32\win32u.dll
0x00007ff82b440000 - 0x00007ff82b474000 	C:\Windows\System32\GDI32.dll
0x00007ff822680000 - 0x00007ff8228fa000 	C:\Windows\WinSxS\amd64_microsoft.windows.common-controls_6595b64144ccf1df_6.0.14393.3053_none_7de042968342015d\COMCTL32.dll
0x00007ff82b480000 - 0x00007ff82b745000 	C:\Windows\System32\combase.dll
0x00007ff8281d0000 - 0x00007ff828351000 	C:\Windows\System32\gdi32full.dll
0x00007ff827f60000 - 0x00007ff827fca000 	C:\Windows\System32\bcryptPrimitives.dll
0x00007ff826d80000 - 0x00007ff826d8a000 	C:\Windows\SYSTEM32\VERSION.dll
0x00007ff82b770000 - 0x00007ff82b79e000 	C:\Windows\System32\IMM32.DLL
0x00007ffffb950000 - 0x00007ffffb9fa000 	D:\Program Files\Java\jdk-12.0.1\bin\msvcp140.dll
0x00007ffff9880000 - 0x00007ffffa3f4000 	D:\Program Files\Java\jdk-12.0.1\bin\server\jvm.dll
0x00007ff82b850000 - 0x00007ff82b858000 	C:\Windows\System32\PSAPI.DLL
0x00007ff819140000 - 0x00007ff819149000 	C:\Windows\SYSTEM32\WSOCK32.dll
0x00007ff82b9e0000 - 0x00007ff82ba4a000 	C:\Windows\System32\WS2_32.dll
0x00007ff826450000 - 0x00007ff826473000 	C:\Windows\SYSTEM32\WINMM.dll
0x00007ff8263f0000 - 0x00007ff82641b000 	C:\Windows\SYSTEM32\WINMMBASE.dll
0x00007ff828a40000 - 0x00007ff828a82000 	C:\Windows\System32\cfgmgr32.dll
0x00007ff827ed0000 - 0x00007ff827edf000 	C:\Windows\System32\kernel.appcore.dll
0x00007ff806a20000 - 0x00007ff806a31000 	D:\Program Files\Java\jdk-12.0.1\bin\verify.dll
0x00007ff819d20000 - 0x00007ff819eb2000 	C:\Windows\SYSTEM32\DBGHELP.DLL
0x00007ff81ca50000 - 0x00007ff81ca79000 	C:\Windows\SYSTEM32\dbgcore.DLL
0x00007ff8069f0000 - 0x00007ff806a16000 	D:\Program Files\Java\jdk-12.0.1\bin\java.dll
0x00007ff825cf0000 - 0x00007ff825cfe000 	D:\Program Files\Java\jdk-12.0.1\bin\instrument.dll
0x00007ff805b30000 - 0x00007ff805b47000 	D:\Program Files\Java\jdk-12.0.1\bin\zip.dll
0x00007ff809360000 - 0x00007ff80936a000 	D:\Program Files\Java\jdk-12.0.1\bin\jimage.dll
0x00007ff828fe0000 - 0x00007ff82a4e5000 	C:\Windows\System32\SHELL32.dll
0x00007ff828360000 - 0x00007ff828a3a000 	C:\Windows\System32\windows.storage.dll
0x00007ff827ef0000 - 0x00007ff827f3c000 	C:\Windows\System32\powrprof.dll
0x00007ff82ac00000 - 0x00007ff82ac52000 	C:\Windows\System32\shlwapi.dll
0x00007ff828120000 - 0x00007ff8281c9000 	C:\Windows\System32\shcore.dll
0x00007ff827eb0000 - 0x00007ff827ec4000 	C:\Windows\System32\profapi.dll
0x00007ff805ae0000 - 0x00007ff805af9000 	D:\Program Files\Java\jdk-12.0.1\bin\net.dll
0x00007ff81d9b0000 - 0x00007ff81db72000 	C:\Windows\SYSTEM32\urlmon.dll
0x00007ff821770000 - 0x00007ff82183c000 	C:\Windows\SYSTEM32\WINHTTP.dll
0x00007ff81d700000 - 0x00007ff81d9b0000 	C:\Windows\SYSTEM32\iertutil.dll
0x0000000180000000 - 0x000000018008c000 	C:\Windows\system32\ASProxy64.dll
0x00007ff82b090000 - 0x00007ff82b1c8000 	C:\Windows\System32\ole32.dll
0x00007ff82a600000 - 0x00007ff82a6c0000 	C:\Windows\System32\OLEAUT32.dll
0x00007ff828080000 - 0x00007ff82811c000 	C:\Windows\System32\msvcp_win.dll
0x00007ff827560000 - 0x00007ff827598000 	C:\Windows\SYSTEM32\IPHLPAPI.DLL
0x00007ff8277e0000 - 0x00007ff82783c000 	C:\Windows\SYSTEM32\MSWSOCK.dll
0x00007ff827bb0000 - 0x00007ff827bdc000 	C:\Windows\SYSTEM32\SspiCli.dll
0x00007ff805630000 - 0x00007ff805643000 	D:\Program Files\Java\jdk-12.0.1\bin\nio.dll
0x00007ff8046b0000 - 0x00007ff8046ca000 	C:\Program Files\JetBrains\IntelliJ IDEA 2019.1.2\bin\breakgen64.dll
0x00007ff826720000 - 0x00007ff8267b5000 	C:\Windows\system32\uxtheme.dll

dbghelp: loaded successfully - version: 4.0.5 - missing functions: none
symbol engine: initialized successfully - sym options: 0x614 - pdb path: .;D:\Program Files\Java\jdk-12.0.1\bin;C:\Windows\SYSTEM32;C:\Windows\WinSxS\amd64_microsoft.windows.common-controls_6595b64144ccf1df_6.0.14393.3053_none_7de042968342015d;D:\Program Files\Java\jdk-12.0.1\bin\server;C:\Program Files\JetBrains\IntelliJ IDEA 2019.1.2\bin

VM Arguments:
jvm_args: -Dmaven.multiModuleProjectDirectory=D:\IoT\code\renren\renren_security -Dmaven.home=C:\Program Files\JetBrains\IntelliJ IDEA 2019.1.2\plugins\maven\lib\maven3 -Dclassworlds.conf=C:\Program Files\JetBrains\IntelliJ IDEA 2019.1.2\plugins\maven\lib\maven3\bin\m2.conf -javaagent:C:\Program Files\JetBrains\IntelliJ IDEA 2019.1.2\lib\idea_rt.jar=53008:C:\Program Files\JetBrains\IntelliJ IDEA 2019.1.2\bin -Dfile.encoding=UTF-8 
java_command: org.codehaus.classworlds.Launcher -Didea.version2019.1.2 package
java_class_path (initial): C:\Program Files\JetBrains\IntelliJ IDEA 2019.1.2\plugins\maven\lib\maven3\boot\plexus-classworlds-2.5.2.jar
Launcher Type: SUN_STANDARD

[Global flags]
     intx CICompilerCount                          = 3                                         {product} {ergonomic}
     uint ConcGCThreads                            = 1                                         {product} {ergonomic}
     uint G1ConcRefinementThreads                  = 4                                         {product} {ergonomic}
   size_t G1HeapRegionSize                         = 1048576                                   {product} {ergonomic}
    uintx GCDrainStackTargetSize                   = 64                                        {product} {ergonomic}
   size_t InitialHeapSize                          = 134217728                                 {product} {ergonomic}
   size_t MarkStackSize                            = 4194304                                   {product} {ergonomic}
   size_t MaxHeapSize                              = 2118123520                                {product} {ergonomic}
   size_t MaxNewSize                               = 1270874112                                {product} {ergonomic}
   size_t MinHeapDeltaBytes                        = 1048576                                   {product} {ergonomic}
    uintx NonNMethodCodeHeapSize                   = 5830732                                {pd product} {ergonomic}
    uintx NonProfiledCodeHeapSize                  = 122913754                              {pd product} {ergonomic}
    uintx ProfiledCodeHeapSize                     = 122913754                              {pd product} {ergonomic}
    uintx ReservedCodeCacheSize                    = 251658240                              {pd product} {ergonomic}
     bool SegmentedCodeCache                       = true                                      {product} {ergonomic}
     bool UseCompressedClassPointers               = true                                 {lp64_product} {ergonomic}
     bool UseCompressedOops                        = true                                 {lp64_product} {ergonomic}
     bool UseG1GC                                  = true                                      {product} {ergonomic}
     bool UseLargePagesIndividualAllocation        = false                                  {pd product} {ergonomic}

Logging:
Log output configuration:
 #0: stdout all=warning uptime,level,tags
 #1: stderr all=off uptime,level,tags

Environment Variables:
JAVA_HOME=D:\Program Files\Java\jdk1.8.0_131
JRE_HOME=D:\Program Files\Java\jdk1.8.0_131
CLASSPATH=.;D:\Program Files\Java\jdk1.8.0_131\lib;D:\Program Files\Java\jdk1.8.0_131\lib
PATH=C:\ProgramData\Oracle\Java\javapath;D:\Program Files (x86)\STMicroelectronics\st_toolset\asm;C:\Windows\system32;C:\Windows;C:\Windows\System32\Wbem;C:\Windows\System32\WindowsPowerShell\v1.0\;D:\Program Files\Java\jdk1.8.0_131\bin;D:\Program Files\Java\jdk1.8.0_131\jre\bin;C:\Program Files (x86)\Windows Kits\8.1\Windows Performance Toolkit\;C:\Program Files\Git\cmd;C:\Program Files\IDM Computer Solutions\UltraEdit;D:\Program Files\Java\jdk1.8.0_131\bin;D:\Program Files\Java\jdk1.8.0_131\bin;D:\Program Files\nodejs\;D:\Python27\Scripts;D:\Python27\;D:\Programs\Python\Python37\Scripts\;D:\Programs\Python\Python37\;C:\Users\Administrator\AppData\Local\Microsoft\WindowsApps;C:\Program Files\JetBrains\IntelliJ IDEA 2019.1.2\bin;;D:\Program Files\Weex Studio\bin;C:\Users\Administrator\AppData\Roaming\npm;D:\Program Files\Microsoft VS Code\bin
USERNAME=Administrator
OS=Windows_NT
PROCESSOR_IDENTIFIER=Intel64 Family 6 Model 60 Stepping 3, GenuineIntel



---------------  S Y S T E M  ---------------

OS: Windows 10 , 64 bit Build 14393 (10.0.14393.2969)

CPU:total 4 (initial active 4) (4 cores per cpu, 1 threads per core) family 6 model 60 stepping 3, cmov, cx8, fxsr, mmx, sse, sse2, sse3, ssse3, sse4.1, sse4.2, popcnt, avx, avx2, aes, clmul, erms, lzcnt, tsc, tscinvbit, bmi1, bmi2, fma

Memory: 4k page, system-wide physical 8079M (2033M free)
TotalPageFile size 11243M (AvailPageFile size 26M)
current process WorkingSet (physical memory assigned to process): 205M, peak: 205M
current process commit charge ("private bytes"): 270M, peak: 293M

vm_info: Java HotSpot(TM) 64-Bit Server VM (12.0.1+12) for windows-amd64 JRE (12.0.1+12), built on Apr  2 2019 14:02:19 by "mach5one" with MS VC++ 15.5 (VS2017)

END.
